# JRE version: OpenJDK Runtime Environment (17.0.6) (build 17.0.6+0-b2043.56-10027231)
# Java VM: OpenJDK 64-Bit Server VM (17.0.6+0-b2043.56-10027231, mixed mode, tiered, compressed oops, compressed class ptrs, g1 gc, windows-amd64)
GC Precious Log:
 CPUs: 4 total, 4 available
 Memory: 8102M
 Large Page Support: Disabled
 NUMA Support: Disabled
 Compressed Oops: Enabled (32-bit)
 Heap Region Size: 1M
 Heap Min Capacity: 8M
 Heap Initial Capacity: 128M
 Heap Max Capacity: 2G
 Pre-touch: Disabled
 Parallel Workers: 4
 Concurrent Workers: 1
 Concurrent Refinement Workers: 4
 Periodic GC: Disabled
Heap:
 garbage-first heap   total 86016K, used 56651K [0x0000000080000000, 0x0000000100000000)
  region size 1024K, 10 young (10240K), 2 survivors (2048K)
 Metaspace       used 37331K, committed 37696K, reserved 1089536K
  class space    used 5129K, committed 5312K, reserved 1048576K
GC Heap History (20 events):
Event: 4.799 GC heap before
{Heap before GC invocations=2 (full 0):
 garbage-first heap   total 131072K, used 32919K [0x0000000080000000, 0x0000000100000000)
  region size 1024K, 24 young (24576K), 3 survivors (3072K)
 Metaspace       used 11205K, committed 11456K, reserved 1064960K
  class space    used 1163K, committed 1280K, reserved 1048576K
}
Event: 4.806 GC heap after
{Heap after GC invocations=3 (full 0):
 garbage-first heap   total 131072K, used 12489K [0x0000000080000000, 0x0000000100000000)
  region size 1024K, 3 young (3072K), 3 survivors (3072K)
 Metaspace       used 11205K, committed 11456K, reserved 1064960K
  class space    used 1163K, committed 1280K, reserved 1048576K
}
Event: 9.863 GC heap before
{Heap before GC invocations=3 (full 0):
 garbage-first heap   total 131072K, used 51401K [0x0000000080000000, 0x0000000100000000)
  region size 1024K, 42 young (43008K), 3 survivors (3072K)
 Metaspace       used 21258K, committed 21504K, reserved 1073152K
  class space    used 2559K, committed 2688K, reserved 1048576K
}
Event: 9.878 GC heap after
{Heap after GC invocations=4 (full 0):
 garbage-first heap   total 131072K, used 18164K [0x0000000080000000, 0x0000000100000000)
  region size 1024K, 8 young (8192K), 8 survivors (8192K)
 Metaspace       used 21258K, committed 21504K, reserved 1073152K
  class space    used 2559K, committed 2688K, reserved 1048576K
}
Event: 16.124 GC heap before
{Heap before GC invocations=5 (full 0):
 garbage-first heap   total 68608K, used 50932K [0x0000000080000000, 0x0000000100000000)
  region size 1024K, 40 young (40960K), 8 survivors (8192K)
 Metaspace       used 26346K, committed 26624K, reserved 1073152K
  class space    used 3451K, committed 3584K, reserved 1048576K
}
Event: 16.136 GC heap after
{Heap after GC invocations=6 (full 0):
 garbage-first heap   total 68608K, used 20248K [0x0000000080000000, 0x0000000100000000)
  region size 1024K, 3 young (3072K), 3 survivors (3072K)
 Metaspace       used 26346K, committed 26624K, reserved 1073152K
  class space    used 3451K, committed 3584K, reserved 1048576K
}
Event: 16.312 GC heap before
{Heap before GC invocations=6 (full 0):
 garbage-first heap   total 68608K, used 21272K [0x0000000080000000, 0x0000000100000000)
  region size 1024K, 4 young (4096K), 3 survivors (3072K)
 Metaspace       used 26467K, committed 26816K, reserved 1073152K
  class space    used 3471K, committed 3648K, reserved 1048576K
}
Event: 16.319 GC heap after
{Heap after GC invocations=7 (full 0):
 garbage-first heap   total 68608K, used 20494K [0x0000000080000000, 0x0000000100000000)
  region size 1024K, 1 young (1024K), 1 survivors (1024K)
 Metaspace       used 26467K, committed 26816K, reserved 1073152K
  class space    used 3471K, committed 3648K, reserved 1048576K
}
Event: 20.030 GC heap before
{Heap before GC invocations=7 (full 0):
 garbage-first heap   total 68608K, used 48142K [0x0000000080000000, 0x0000000100000000)
  region size 1024K, 22 young (22528K), 1 survivors (1024K)
 Metaspace       used 29483K, committed 29824K, reserved 1081344K
  class space    used 3997K, committed 4160K, reserved 1048576K
}
Event: 20.041 GC heap after
{Heap after GC invocations=8 (full 0):
 garbage-first heap   total 68608K, used 31399K [0x0000000080000000, 0x0000000100000000)
  region size 1024K, 4 young (4096K), 4 survivors (4096K)
 Metaspace       used 29483K, committed 29824K, reserved 1081344K
  class space    used 3997K, committed 4160K, reserved 1048576K
}
Event: 20.408 GC heap before
{Heap before GC invocations=8 (full 0):
 garbage-first heap   total 68608K, used 43687K [0x0000000080000000, 0x0000000100000000)
  region size 1024K, 5 young (5120K), 4 survivors (4096K)
 Metaspace       used 29484K, committed 29824K, reserved 1081344K
  class space    used 3997K, committed 4160K, reserved 1048576K
}
Event: 20.412 GC heap after
{Heap after GC invocations=9 (full 0):
 garbage-first heap   total 68608K, used 43980K [0x0000000080000000, 0x0000000100000000)
  region size 1024K, 1 young (1024K), 1 survivors (1024K)
 Metaspace       used 29484K, committed 29824K, reserved 1081344K
  class space    used 3997K, committed 4160K, reserved 1048576K
}
Event: 22.147 GC heap before
{Heap before GC invocations=10 (full 0):
 garbage-first heap   total 80896K, used 56268K [0x0000000080000000, 0x0000000100000000)
  region size 1024K, 12 young (12288K), 1 survivors (1024K)
 Metaspace       used 30924K, committed 31296K, reserved 1081344K
  class space    used 4213K, committed 4416K, reserved 1048576K
}
Event: 22.150 GC heap after
{Heap after GC invocations=11 (full 0):
 garbage-first heap   total 80896K, used 48015K [0x0000000080000000, 0x0000000100000000)
  region size 1024K, 2 young (2048K), 2 survivors (2048K)
 Metaspace       used 30924K, committed 31296K, reserved 1081344K
  class space    used 4213K, committed 4416K, reserved 1048576K
}
Event: 22.237 GC heap before
{Heap before GC invocations=11 (full 0):
 garbage-first heap   total 80896K, used 49039K [0x0000000080000000, 0x0000000100000000)
  region size 1024K, 3 young (3072K), 2 survivors (2048K)
 Metaspace       used 31020K, committed 31360K, reserved 1081344K
  class space    used 4232K, committed 4416K, reserved 1048576K
}
Event: 22.244 GC heap after
{Heap after GC invocations=12 (full 0):
 garbage-first heap   total 80896K, used 48009K [0x0000000080000000, 0x0000000100000000)
  region size 1024K, 1 young (1024K), 1 survivors (1024K)
 Metaspace       used 31020K, committed 31360K, reserved 1081344K
  class space    used 4232K, committed 4416K, reserved 1048576K
}
Event: 23.616 GC heap before
{Heap before GC invocations=12 (full 0):
 garbage-first heap   total 80896K, used 63369K [0x0000000080000000, 0x0000000100000000)
  region size 1024K, 16 young (16384K), 1 survivors (1024K)
 Metaspace       used 33168K, committed 33536K, reserved 1081344K
  class space    used 4571K, committed 4736K, reserved 1048576K
}
Event: 23.619 GC heap after
{Heap after GC invocations=13 (full 0):
 garbage-first heap   total 80896K, used 48802K [0x0000000080000000, 0x0000000100000000)
  region size 1024K, 1 young (1024K), 1 survivors (1024K)
 Metaspace       used 33168K, committed 33536K, reserved 1081344K
  class space    used 4571K, committed 4736K, reserved 1048576K
}
Event: 26.310 GC heap before
{Heap before GC invocations=14 (full 0):
 garbage-first heap   total 86016K, used 63138K [0x0000000080000000, 0x0000000100000000)
  region size 1024K, 16 young (16384K), 1 survivors (1024K)
 Metaspace       used 35731K, committed 36096K, reserved 1081344K
  class space    used 4947K, committed 5120K, reserved 1048576K
}
Event: 26.320 GC heap after
{Heap after GC invocations=15 (full 0):
 garbage-first heap   total 86016K, used 49483K [0x0000000080000000, 0x0000000100000000)
  region size 1024K, 2 young (2048K), 2 survivors (2048K)
 Metaspace       used 35731K, committed 36096K, reserved 1081344K
  class space    used 4947K, committed 5120K, reserved 1048576K
}

