# JRE version: OpenJDK Runtime Environment (17.0.6) (build 17.0.6+0-b2043.56-10027231)
# Java VM: OpenJDK 64-Bit Server VM (17.0.6+0-b2043.56-10027231, mixed mode, tiered, compressed oops, compressed class ptrs, g1 gc, windows-amd64)
GC Precious Log:
 CPUs: 4 total, 4 available
 Memory: 8102M
 Large Page Support: Disabled
 NUMA Support: Disabled
 Compressed Oops: Enabled (32-bit)
 Heap Region Size: 1M
 Heap Min Capacity: 8M
 Heap Initial Capacity: 128M
 Heap Max Capacity: 2G
 Pre-touch: Disabled
 Parallel Workers: 4
 Concurrent Workers: 1
 Concurrent Refinement Workers: 4
 Periodic GC: Disabled
Heap:
 garbage-first heap   total 471040K, used 323022K [0x0000000080000000, 0x0000000100000000)
  region size 1024K, 9 young (9216K), 8 survivors (8192K)
 Metaspace       used 234504K, committed 237376K, reserved 1261568K
  class space    used 30495K, committed 31744K, reserved 1048576K
GC Heap History (20 events):
Event: 2528.941 GC heap before
{Heap before GC invocations=82 (full 0):
 garbage-first heap   total 471040K, used 396961K [0x0000000080000000, 0x0000000100000000)
  region size 1024K, 129 young (132096K), 6 survivors (6144K)
 Metaspace       used 162990K, committed 165184K, reserved 1196032K
  class space    used 21814K, committed 22848K, reserved 1048576K
}
Event: 2528.947 GC heap after
{Heap after GC invocations=83 (full 0):
 garbage-first heap   total 471040K, used 269593K [0x0000000080000000, 0x0000000100000000)
  region size 1024K, 4 young (4096K), 4 survivors (4096K)
 Metaspace       used 162990K, committed 165184K, reserved 1196032K
  class space    used 21814K, committed 22848K, reserved 1048576K
}
Event: 2803.791 GC heap before
{Heap before GC invocations=83 (full 0):
 garbage-first heap   total 471040K, used 418073K [0x0000000080000000, 0x0000000100000000)
  region size 1024K, 133 young (136192K), 4 survivors (4096K)
 Metaspace       used 163322K, committed 165568K, reserved 1196032K
  class space    used 21825K, committed 22912K, reserved 1048576K
}
Event: 2803.799 GC heap after
{Heap after GC invocations=84 (full 0):
 garbage-first heap   total 471040K, used 269519K [0x0000000080000000, 0x0000000100000000)
  region size 1024K, 4 young (4096K), 4 survivors (4096K)
 Metaspace       used 163322K, committed 165568K, reserved 1196032K
  class space    used 21825K, committed 22912K, reserved 1048576K
}
Event: 2810.486 GC heap before
{Heap before GC invocations=84 (full 0):
 garbage-first heap   total 471040K, used 413903K [0x0000000080000000, 0x0000000100000000)
  region size 1024K, 136 young (139264K), 4 survivors (4096K)
 Metaspace       used 177309K, committed 179584K, reserved 1204224K
  class space    used 24037K, committed 25152K, reserved 1048576K
}
Event: 2810.520 GC heap after
{Heap after GC invocations=85 (full 0):
 garbage-first heap   total 471040K, used 286883K [0x0000000080000000, 0x0000000100000000)
  region size 1024K, 17 young (17408K), 17 survivors (17408K)
 Metaspace       used 177309K, committed 179584K, reserved 1204224K
  class space    used 24037K, committed 25152K, reserved 1048576K
}
Event: 2815.583 GC heap before
{Heap before GC invocations=85 (full 0):
 garbage-first heap   total 471040K, used 405667K [0x0000000080000000, 0x0000000100000000)
  region size 1024K, 127 young (130048K), 17 survivors (17408K)
 Metaspace       used 191853K, committed 194112K, reserved 1220608K
  class space    used 25623K, committed 26688K, reserved 1048576K
}
Event: 2815.672 GC heap after
{Heap after GC invocations=86 (full 0):
 garbage-first heap   total 471040K, used 302655K [0x0000000080000000, 0x0000000100000000)
  region size 1024K, 10 young (10240K), 10 survivors (10240K)
 Metaspace       used 191853K, committed 194112K, reserved 1220608K
  class space    used 25623K, committed 26688K, reserved 1048576K
}
Event: 2818.068 GC heap before
{Heap before GC invocations=86 (full 0):
 garbage-first heap   total 471040K, used 399935K [0x0000000080000000, 0x0000000100000000)
  region size 1024K, 104 young (106496K), 10 survivors (10240K)
 Metaspace       used 198795K, committed 201088K, reserved 1228800K
  class space    used 26451K, committed 27520K, reserved 1048576K
}
Event: 2818.109 GC heap after
{Heap after GC invocations=87 (full 0):
 garbage-first heap   total 471040K, used 308224K [0x0000000080000000, 0x0000000100000000)
  region size 1024K, 6 young (6144K), 6 survivors (6144K)
 Metaspace       used 198795K, committed 201088K, reserved 1228800K
  class space    used 26451K, committed 27520K, reserved 1048576K
}
Event: 2823.750 GC heap before
{Heap before GC invocations=87 (full 0):
 garbage-first heap   total 471040K, used 402432K [0x0000000080000000, 0x0000000100000000)
  region size 1024K, 98 young (100352K), 6 survivors (6144K)
 Metaspace       used 210705K, committed 212992K, reserved 1236992K
  class space    used 27801K, committed 28864K, reserved 1048576K
}
Event: 2823.779 GC heap after
{Heap after GC invocations=88 (full 0):
 garbage-first heap   total 471040K, used 313344K [0x0000000080000000, 0x0000000100000000)
  region size 1024K, 11 young (11264K), 11 survivors (11264K)
 Metaspace       used 210705K, committed 212992K, reserved 1236992K
  class space    used 27801K, committed 28864K, reserved 1048576K
}
Event: 2830.849 GC heap before
{Heap before GC invocations=88 (full 0):
 garbage-first heap   total 471040K, used 402432K [0x0000000080000000, 0x0000000100000000)
  region size 1024K, 99 young (101376K), 11 survivors (11264K)
 Metaspace       used 224224K, committed 226496K, reserved 1245184K
  class space    used 29311K, committed 30400K, reserved 1048576K
}
Event: 2830.884 GC heap after
{Heap after GC invocations=89 (full 0):
 garbage-first heap   total 471040K, used 318667K [0x0000000080000000, 0x0000000100000000)
  region size 1024K, 11 young (11264K), 11 survivors (11264K)
 Metaspace       used 224224K, committed 226496K, reserved 1245184K
  class space    used 29311K, committed 30400K, reserved 1048576K
}
Event: 2836.444 GC heap before
{Heap before GC invocations=89 (full 0):
 garbage-first heap   total 471040K, used 402635K [0x0000000080000000, 0x0000000100000000)
  region size 1024K, 94 young (96256K), 11 survivors (11264K)
 Metaspace       used 224670K, committed 227072K, reserved 1253376K
  class space    used 29317K, committed 30464K, reserved 1048576K
}
Event: 2836.475 GC heap after
{Heap after GC invocations=90 (full 0):
 garbage-first heap   total 471040K, used 320922K [0x0000000080000000, 0x0000000100000000)
  region size 1024K, 8 young (8192K), 8 survivors (8192K)
 Metaspace       used 224670K, committed 227072K, reserved 1253376K
  class space    used 29317K, committed 30464K, reserved 1048576K
}
Event: 2841.593 GC heap before
{Heap before GC invocations=90 (full 0):
 garbage-first heap   total 471040K, used 405914K [0x0000000080000000, 0x0000000100000000)
  region size 1024K, 92 young (94208K), 8 survivors (8192K)
 Metaspace       used 226157K, committed 228480K, reserved 1253376K
  class space    used 29483K, committed 30592K, reserved 1048576K
}
Event: 2841.606 GC heap after
{Heap after GC invocations=91 (full 0):
 garbage-first heap   total 471040K, used 320974K [0x0000000080000000, 0x0000000100000000)
  region size 1024K, 3 young (3072K), 3 survivors (3072K)
 Metaspace       used 226157K, committed 228480K, reserved 1253376K
  class space    used 29483K, committed 30592K, reserved 1048576K
}
Event: 2854.804 GC heap before
{Heap before GC invocations=91 (full 0):
 garbage-first heap   total 471040K, used 406990K [0x0000000080000000, 0x0000000100000000)
  region size 1024K, 81 young (82944K), 3 survivors (3072K)
 Metaspace       used 234885K, committed 237248K, reserved 1261568K
  class space    used 30576K, committed 31744K, reserved 1048576K
}
Event: 2854.817 GC heap after
{Heap after GC invocations=92 (full 0):
 garbage-first heap   total 471040K, used 326094K [0x0000000080000000, 0x0000000100000000)
  region size 1024K, 8 young (8192K), 8 survivors (8192K)
 Metaspace       used 234885K, committed 237248K, reserved 1261568K
  class space    used 30576K, committed 31744K, reserved 1048576K
}

